Determining if the pthread_create exist failed with the following output:
Change Dir: /home/magister/Documents/PSE/Projet/cmake-build-debug/CMakeFiles/CMakeTmp

Run Build Command:"/usr/bin/make" "cmTC_df59d/fast"
/usr/bin/make -f CMakeFiles/cmTC_df59d.dir/build.make CMakeFiles/cmTC_df59d.dir/build
make[1]: Entering directory '/home/magister/Documents/PSE/Projet/cmake-build-debug/CMakeFiles/CMakeTmp'
Building C object CMakeFiles/cmTC_df59d.dir/CheckSymbolExists.c.o
/usr/bin/cc   -std=gnu11 -o CMakeFiles/cmTC_df59d.dir/CheckSymbolExists.c.o   -c /home/magister/Documents/PSE/Projet/cmake-build-debug/CMakeFiles/CMakeTmp/CheckSymbolExists.c
Linking C executable cmTC_df59d
/home/magister/Downloads/CLion-2018.3.4/clion-2018.3.4/bin/cmake/linux/bin/cmake -E cmake_link_script CMakeFiles/cmTC_df59d.dir/link.txt --verbose=1
/usr/bin/cc      CMakeFiles/cmTC_df59d.dir/CheckSymbolExists.c.o  -o cmTC_df59d 
CMakeFiles/cmTC_df59d.dir/CheckSymbolExists.c.o: In function `main':
CheckSymbolExists.c:(.text+0x1b): undefined reference to `pthread_create'
collect2: error: ld returned 1 exit status
CMakeFiles/cmTC_df59d.dir/build.make:86: recipe for target 'cmTC_df59d' failed
make[1]: *** [cmTC_df59d] Error 1
make[1]: Leaving directory '/home/magister/Documents/PSE/Projet/cmake-build-debug/CMakeFiles/CMakeTmp'
Makefile:121: recipe for target 'cmTC_df59d/fast' failed
make: *** [cmTC_df59d/fast] Error 2

File /home/magister/Documents/PSE/Projet/cmake-build-debug/CMakeFiles/CMakeTmp/CheckSymbolExists.c:
/* */
#include <pthread.h>

int main(int argc, char** argv)
{
  (void)argv;
#ifndef pthread_create
  return ((int*)(&pthread_create))[argc];
#else
  (void)argc;
  return 0;
#endif
}

Determining if the function pthread_create exists in the pthreads failed with the following output:
Change Dir: /home/magister/Documents/PSE/Projet/cmake-build-debug/CMakeFiles/CMakeTmp

Run Build Command:"/usr/bin/make" "cmTC_a334a/fast"
/usr/bin/make -f CMakeFiles/cmTC_a334a.dir/build.make CMakeFiles/cmTC_a334a.dir/build
make[1]: Entering directory '/home/magister/Documents/PSE/Projet/cmake-build-debug/CMakeFiles/CMakeTmp'
Building C object CMakeFiles/cmTC_a334a.dir/CheckFunctionExists.c.o
/usr/bin/cc   -DCHECK_FUNCTION_EXISTS=pthread_create   -std=gnu11 -o CMakeFiles/cmTC_a334a.dir/CheckFunctionExists.c.o   -c /home/magister/Downloads/CLion-2018.3.4/clion-2018.3.4/bin/cmake/linux/share/cmake-3.13/Modules/CheckFunctionExists.c
Linking C executable cmTC_a334a
/home/magister/Downloads/CLion-2018.3.4/clion-2018.3.4/bin/cmake/linux/bin/cmake -E cmake_link_script CMakeFiles/cmTC_a334a.dir/link.txt --verbose=1
/usr/bin/cc  -DCHECK_FUNCTION_EXISTS=pthread_create    CMakeFiles/cmTC_a334a.dir/CheckFunctionExists.c.o  -o cmTC_a334a -lpthreads 
/usr/bin/ld: cannot find -lpthreads
collect2: error: ld returned 1 exit status
CMakeFiles/cmTC_a334a.dir/build.make:86: recipe for target 'cmTC_a334a' failed
make[1]: *** [cmTC_a334a] Error 1
make[1]: Leaving directory '/home/magister/Documents/PSE/Projet/cmake-build-debug/CMakeFiles/CMakeTmp'
Makefile:121: recipe for target 'cmTC_a334a/fast' failed
make: *** [cmTC_a334a/fast] Error 2


